build/app/intermediates/manifest_merge_blame_file/debug/manifest-merger-blame-debug-report.txt
1<?xml version="1.0" encoding="utf-8"?>
2<manifest xmlns:android="http://schemas.android.com/apk/res/android"
3    package="com.example.medsay_tamil"
4    android:versionCode="1"
5    android:versionName="1.0.0" >
6
7    <uses-sdk
8        android:minSdkVersion="21"
9        android:targetSdkVersion="31" />
10    <!--
11         Flutter needs it to communicate with the running application
12         to allow setting breakpoints, to provide hot reload, etc.
13    -->
14    <uses-permission android:name="android.permission.INTERNET" />
14-->src\main\AndroidManifest.xml:3:5-66
14-->src\main\AndroidManifest.xml:3:22-64
15    <uses-permission android:name="android.permission.READ_EXTERNAL_STORAGE" />
15-->[:image_picker] AndroidManifest.xml:7:5-80
15-->[:image_picker] AndroidManifest.xml:7:22-77
16    <uses-permission android:name="android.permission.WRITE_EXTERNAL_STORAGE" />
16-->[:image_picker] AndroidManifest.xml:8:5-81
16-->[:image_picker] AndroidManifest.xml:8:22-78
17
18    <queries>
18-->[:flutter_tts] AndroidManifest.xml:7:5-11:15
19        <intent>
19-->[:flutter_tts] AndroidManifest.xml:8:9-10:18
20            <action android:name="android.intent.action.TTS_SERVICE" />
20-->[:flutter_tts] AndroidManifest.xml:9:13-72
20-->[:flutter_tts] AndroidManifest.xml:9:21-69
21        </intent>
22    </queries>
23
24    <application
25        android:name="android.app.Application"
26        android:appComponentFactory="androidx.core.app.CoreComponentFactory"
26-->[androidx.core:core:1.6.0] AndroidManifest.xml:24:18-86
27        android:debuggable="true"
28        android:icon="@mipmap/ic_launcher"
29        android:label="namo" >
30        <activity
31            android:name="com.example.namo.MainActivity"
32            android:configChanges="orientation|keyboardHidden|keyboard|screenSize|smallestScreenSize|locale|layoutDirection|fontScale|screenLayout|density|uiMode"
33            android:exported="true"
34            android:hardwareAccelerated="true"
35            android:launchMode="singleTop"
36            android:theme="@style/LaunchTheme"
37            android:windowSoftInputMode="adjustResize" >
38
39            <!--
40                 Specifies an Android theme to apply to this Activity as soon as
41                 the Android process has started. This theme is visible to the user
42                 while the Flutter UI initializes. After that, this theme continues
43                 to determine the Window background behind the Flutter UI.
44            -->
45            <meta-data
46                android:name="io.flutter.embedding.android.NormalTheme"
47                android:resource="@style/NormalTheme" />
48
49            <intent-filter>
50                <action android:name="android.intent.action.MAIN" />
51
52                <category android:name="android.intent.category.LAUNCHER" />
53            </intent-filter>
54        </activity>
55        <!--
56             Don't delete the meta-data below.
57             This is used by the Flutter tool to generate GeneratedPluginRegistrant.java
58        -->
59        <meta-data
60            android:name="flutterEmbedding"
61            android:value="2" />
62
63        <provider
63-->[:image_picker] AndroidManifest.xml:11:9-19:20
64            android:name="io.flutter.plugins.imagepicker.ImagePickerFileProvider"
64-->[:image_picker] AndroidManifest.xml:12:13-82
65            android:authorities="com.example.medsay_tamil.flutter.image_provider"
65-->[:image_picker] AndroidManifest.xml:13:13-74
66            android:exported="false"
66-->[:image_picker] AndroidManifest.xml:14:13-37
67            android:grantUriPermissions="true" >
67-->[:image_picker] AndroidManifest.xml:15:13-47
68            <meta-data
68-->[:image_picker] AndroidManifest.xml:16:13-18:75
69                android:name="android.support.FILE_PROVIDER_PATHS"
69-->[:image_picker] AndroidManifest.xml:17:17-67
70                android:resource="@xml/flutter_image_picker_file_paths" />
70-->[:image_picker] AndroidManifest.xml:18:17-72
71        </provider>
72
73        <uses-library
73-->[androidx.window:window:1.0.0-beta04] AndroidManifest.xml:25:9-27:40
74            android:name="androidx.window.extensions"
74-->[androidx.window:window:1.0.0-beta04] AndroidManifest.xml:26:13-54
75            android:required="false" />
75-->[androidx.window:window:1.0.0-beta04] AndroidManifest.xml:27:13-37
76        <uses-library
76-->[androidx.window:window:1.0.0-beta04] AndroidManifest.xml:28:9-30:40
77            android:name="androidx.window.sidecar"
77-->[androidx.window:window:1.0.0-beta04] AndroidManifest.xml:29:13-51
78            android:required="false" />
78-->[androidx.window:window:1.0.0-beta04] AndroidManifest.xml:30:13-37
79    </application>
80
81</manifest>